# JRE version: OpenJDK Runtime Environment (8.0_242-b01) (build 1.8.0_242-release-1644-b01)
# Java VM: OpenJDK 64-Bit Server VM (25.242-b01 mixed mode windows-amd64 compressed oops)
Heap:
 PSYoungGen      total 178688K, used 18406K [0x00000000d5580000, 0x00000000e3f00000, 0x0000000100000000)
  eden space 160256K, 0% used [0x00000000d5580000,0x00000000d5580000,0x00000000df200000)
  from space 18432K, 99% used [0x00000000df200000,0x00000000e03f9bd8,0x00000000e0400000)
  to   space 20992K, 0% used [0x00000000e2a80000,0x00000000e2a80000,0x00000000e3f00000)
 ParOldGen       total 116224K, used 26005K [0x0000000080000000, 0x0000000087180000, 0x00000000d5580000)
  object space 116224K, 22% used [0x0000000080000000,0x00000000819654c8,0x0000000087180000)
 Metaspace       used 56429K, capacity 58832K, committed 59096K, reserved 1099776K
  class space    used 7451K, capacity 7906K, committed 7936K, reserved 1048576K
GC Heap History (10 events):
Event: 10.400 GC heap after
Heap after GC invocations=9 (full 1):
 PSYoungGen      total 144896K, used 8063K [0x00000000d5580000, 0x00000000e0a80000, 0x0000000100000000)
  eden space 132096K, 0% used [0x00000000d5580000,0x00000000d5580000,0x00000000dd680000)
  from space 12800K, 62% used [0x00000000de300000,0x00000000deadfff0,0x00000000def80000)
  to   space 12800K, 0% used [0x00000000dd680000,0x00000000dd680000,0x00000000de300000)
 ParOldGen       total 74752K, used 7879K [0x0000000080000000, 0x0000000084900000, 0x00000000d5580000)
  object space 74752K, 10% used [0x0000000080000000,0x00000000807b1f08,0x0000000084900000)
 Metaspace       used 34061K, capacity 35340K, committed 35456K, reserved 1079296K
  class space    used 4589K, capacity 4911K, committed 4992K, reserved 1048576K
}
Event: 10.400 GC heap before
{Heap before GC invocations=10 (full 2):
 PSYoungGen      total 144896K, used 8063K [0x00000000d5580000, 0x00000000e0a80000, 0x0000000100000000)
  eden space 132096K, 0% used [0x00000000d5580000,0x00000000d5580000,0x00000000dd680000)
  from space 12800K, 62% used [0x00000000de300000,0x00000000deadfff0,0x00000000def80000)
  to   space 12800K, 0% used [0x00000000dd680000,0x00000000dd680000,0x00000000de300000)
 ParOldGen       total 74752K, used 7879K [0x0000000080000000, 0x0000000084900000, 0x00000000d5580000)
  object space 74752K, 10% used [0x0000000080000000,0x00000000807b1f08,0x0000000084900000)
 Metaspace       used 34061K, capacity 35340K, committed 35456K, reserved 1079296K
  class space    used 4589K, capacity 4911K, committed 4992K, reserved 1048576K
Event: 10.683 GC heap after
Heap after GC invocations=10 (full 2):
 PSYoungGen      total 144896K, used 0K [0x00000000d5580000, 0x00000000e0a80000, 0x0000000100000000)
  eden space 132096K, 0% used [0x00000000d5580000,0x00000000d5580000,0x00000000dd680000)
  from space 12800K, 0% used [0x00000000de300000,0x00000000de300000,0x00000000def80000)
  to   space 12800K, 0% used [0x00000000dd680000,0x00000000dd680000,0x00000000de300000)
 ParOldGen       total 116224K, used 14523K [0x0000000080000000, 0x0000000087180000, 0x00000000d5580000)
  object space 116224K, 12% used [0x0000000080000000,0x0000000080e2ed28,0x0000000087180000)
 Metaspace       used 34061K, capacity 35340K, committed 35456K, reserved 1079296K
  class space    used 4589K, capacity 4911K, committed 4992K, reserved 1048576K
}
Event: 13.908 GC heap before
{Heap before GC invocations=11 (full 2):
 PSYoungGen      total 144896K, used 132096K [0x00000000d5580000, 0x00000000e0a80000, 0x0000000100000000)
  eden space 132096K, 100% used [0x00000000d5580000,0x00000000dd680000,0x00000000dd680000)
  from space 12800K, 0% used [0x00000000de300000,0x00000000de300000,0x00000000def80000)
  to   space 12800K, 0% used [0x00000000dd680000,0x00000000dd680000,0x00000000de300000)
 ParOldGen       total 116224K, used 14523K [0x0000000080000000, 0x0000000087180000, 0x00000000d5580000)
  object space 116224K, 12% used [0x0000000080000000,0x0000000080e2ed28,0x0000000087180000)
 Metaspace       used 38896K, capacity 40780K, committed 40832K, reserved 1085440K
  class space    used 5346K, capacity 5741K, committed 5760K, reserved 1048576K
Event: 13.933 GC heap after
Heap after GC invocations=11 (full 2):
 PSYoungGen      total 144896K, used 10044K [0x00000000d5580000, 0x00000000e1100000, 0x0000000100000000)
  eden space 132096K, 0% used [0x00000000d5580000,0x00000000d5580000,0x00000000dd680000)
  from space 12800K, 78% used [0x00000000dd680000,0x00000000de04f2f0,0x00000000de300000)
  to   space 13312K, 0% used [0x00000000e0400000,0x00000000e0400000,0x00000000e1100000)
 ParOldGen       total 116224K, used 14531K [0x0000000080000000, 0x0000000087180000, 0x00000000d5580000)
  object space 116224K, 12% used [0x0000000080000000,0x0000000080e30d28,0x0000000087180000)
 Metaspace       used 38896K, capacity 40780K, committed 40832K, reserved 1085440K
  class space    used 5346K, capacity 5741K, committed 5760K, reserved 1048576K
}
Event: 17.981 GC heap before
{Heap before GC invocations=12 (full 2):
 PSYoungGen      total 144896K, used 142140K [0x00000000d5580000, 0x00000000e1100000, 0x0000000100000000)
  eden space 132096K, 100% used [0x00000000d5580000,0x00000000dd680000,0x00000000dd680000)
  from space 12800K, 78% used [0x00000000dd680000,0x00000000de04f2f0,0x00000000de300000)
  to   space 13312K, 0% used [0x00000000e0400000,0x00000000e0400000,0x00000000e1100000)
 ParOldGen       total 116224K, used 14531K [0x0000000080000000, 0x0000000087180000, 0x00000000d5580000)
  object space 116224K, 12% used [0x0000000080000000,0x0000000080e30d28,0x0000000087180000)
 Metaspace       used 52721K, capacity 54940K, committed 55168K, reserved 1097728K
  class space    used 6995K, capacity 7472K, committed 7552K, reserved 1048576K
Event: 18.018 GC heap after
Heap after GC invocations=12 (full 2):
 PSYoungGen      total 173568K, used 13304K [0x00000000d5580000, 0x00000000e1780000, 0x0000000100000000)
  eden space 160256K, 0% used [0x00000000d5580000,0x00000000d5580000,0x00000000df200000)
  from space 13312K, 99% used [0x00000000e0400000,0x00000000e10fe3e0,0x00000000e1100000)
  to   space 18432K, 0% used [0x00000000df200000,0x00000000df200000,0x00000000e0400000)
 ParOldGen       total 116224K, used 25505K [0x0000000080000000, 0x0000000087180000, 0x00000000d5580000)
  object space 116224K, 21% used [0x0000000080000000,0x00000000818e8750,0x0000000087180000)
 Metaspace       used 52721K, capacity 54940K, committed 55168K, reserved 1097728K
  class space    used 6995K, capacity 7472K, committed 7552K, reserved 1048576K
}
Event: 19.624 GC heap before
{Heap before GC invocations=13 (full 2):
 PSYoungGen      total 173568K, used 67298K [0x00000000d5580000, 0x00000000e1780000, 0x0000000100000000)
  eden space 160256K, 33% used [0x00000000d5580000,0x00000000d8a3a750,0x00000000df200000)
  from space 13312K, 99% used [0x00000000e0400000,0x00000000e10fe3e0,0x00000000e1100000)
  to   space 18432K, 0% used [0x00000000df200000,0x00000000df200000,0x00000000e0400000)
 ParOldGen       total 116224K, used 25505K [0x0000000080000000, 0x0000000087180000, 0x00000000d5580000)
  object space 116224K, 21% used [0x0000000080000000,0x00000000818e8750,0x0000000087180000)
 Metaspace       used 56429K, capacity 58832K, committed 59096K, reserved 1099776K
  class space    used 7451K, capacity 7906K, committed 7936K, reserved 1048576K
Event: 19.666 GC heap after
Heap after GC invocations=13 (full 2):
 PSYoungGen      total 178688K, used 18406K [0x00000000d5580000, 0x00000000e3f00000, 0x0000000100000000)
  eden space 160256K, 0% used [0x00000000d5580000,0x00000000d5580000,0x00000000df200000)
  from space 18432K, 99% used [0x00000000df200000,0x00000000e03f9bd8,0x00000000e0400000)
  to   space 20992K, 0% used [0x00000000e2a80000,0x00000000e2a80000,0x00000000e3f00000)
 ParOldGen       total 116224K, used 26005K [0x0000000080000000, 0x0000000087180000, 0x00000000d5580000)
  object space 116224K, 22% used [0x0000000080000000,0x00000000819654c8,0x0000000087180000)
 Metaspace       used 56429K, capacity 58832K, committed 59096K, reserved 1099776K
  class space    used 7451K, capacity 7906K, committed 7936K, reserved 1048576K
}
Event: 19.666 GC heap before
{Heap before GC invocations=14 (full 3):
 PSYoungGen      total 178688K, used 18406K [0x00000000d5580000, 0x00000000e3f00000, 0x0000000100000000)
  eden space 160256K, 0% used [0x00000000d5580000,0x00000000d5580000,0x00000000df200000)
  from space 18432K, 99% used [0x00000000df200000,0x00000000e03f9bd8,0x00000000e0400000)
  to   space 20992K, 0% used [0x00000000e2a80000,0x00000000e2a80000,0x00000000e3f00000)
 ParOldGen       total 116224K, used 26005K [0x0000000080000000, 0x0000000087180000, 0x00000000d5580000)
  object space 116224K, 22% used [0x0000000080000000,0x00000000819654c8,0x0000000087180000)
 Metaspace       used 56429K, capacity 58832K, committed 59096K, reserved 1099776K
  class space    used 7451K, capacity 7906K, committed 7936K, reserved 1048576K

