# JRE version: OpenJDK Runtime Environment (8.0_242-b01) (build 1.8.0_242-release-1644-b01)
# Java VM: OpenJDK 64-Bit Server VM (25.242-b01 mixed mode windows-amd64 compressed oops)
Heap:
 PSYoungGen      total 686080K, used 538610K [0x00000000d5580000, 0x00000000fff80000, 0x0000000100000000)
  eden space 674816K, 79% used [0x00000000d5580000,0x00000000f637cb90,0x00000000fe880000)
  from space 11264K, 0% used [0x00000000fe880000,0x00000000fe880000,0x00000000ff380000)
  to   space 10752K, 0% used [0x00000000ff500000,0x00000000ff500000,0x00000000fff80000)
 ParOldGen       total 675328K, used 667893K [0x0000000080000000, 0x00000000a9380000, 0x00000000d5580000)
  object space 675328K, 98% used [0x0000000080000000,0x00000000a8c3d7f0,0x00000000a9380000)
 Metaspace       used 31949K, capacity 33082K, committed 33280K, reserved 1077248K
  class space    used 4298K, capacity 4582K, committed 4608K, reserved 1048576K
GC Heap History (10 events):
Event: 14.319 GC heap after
Heap after GC invocations=19 (full 6):
 PSYoungGen      total 685568K, used 0K [0x00000000d5580000, 0x00000000fff80000, 0x0000000100000000)
  eden space 673280K, 0% used [0x00000000d5580000,0x00000000d5580000,0x00000000fe700000)
  from space 12288K, 0% used [0x00000000fe700000,0x00000000fe700000,0x00000000ff300000)
  to   space 11776K, 0% used [0x00000000ff400000,0x00000000ff400000,0x00000000fff80000)
 ParOldGen       total 647680K, used 142842K [0x0000000080000000, 0x00000000a7880000, 0x00000000d5580000)
  object space 647680K, 22% used [0x0000000080000000,0x0000000088b7ebe0,0x00000000a7880000)
 Metaspace       used 26777K, capacity 27838K, committed 28160K, reserved 1073152K
  class space    used 3751K, capacity 4018K, committed 4096K, reserved 1048576K
}
Event: 14.878 GC heap before
{Heap before GC invocations=20 (full 6):
 PSYoungGen      total 685568K, used 547663K [0x00000000d5580000, 0x00000000fff80000, 0x0000000100000000)
  eden space 673280K, 81% used [0x00000000d5580000,0x00000000f6c53cc8,0x00000000fe700000)
  from space 12288K, 0% used [0x00000000fe700000,0x00000000fe700000,0x00000000ff300000)
  to   space 11776K, 0% used [0x00000000ff400000,0x00000000ff400000,0x00000000fff80000)
 ParOldGen       total 1172480K, used 667130K [0x0000000080000000, 0x00000000c7900000, 0x00000000d5580000)
  object space 1172480K, 56% used [0x0000000080000000,0x00000000a8b7ebf0,0x00000000c7900000)
 Metaspace       used 29746K, capacity 30774K, committed 31104K, reserved 1075200K
  class space    used 4104K, capacity 4374K, committed 4480K, reserved 1048576K
Event: 14.985 GC heap after
Heap after GC invocations=20 (full 6):
 PSYoungGen      total 685568K, used 2639K [0x00000000d5580000, 0x00000000ffe80000, 0x0000000100000000)
  eden space 674816K, 0% used [0x00000000d5580000,0x00000000d5580000,0x00000000fe880000)
  from space 10752K, 24% used [0x00000000ff400000,0x00000000ff693fc8,0x00000000ffe80000)
  to   space 11264K, 0% used [0x00000000fe880000,0x00000000fe880000,0x00000000ff380000)
 ParOldGen       total 1172480K, used 798203K [0x0000000080000000, 0x00000000c7900000, 0x00000000d5580000)
  object space 1172480K, 68% used [0x0000000080000000,0x00000000b0b7ec00,0x00000000c7900000)
 Metaspace       used 29746K, capacity 30774K, committed 31104K, reserved 1075200K
  class space    used 4104K, capacity 4374K, committed 4480K, reserved 1048576K
}
Event: 14.985 GC heap before
{Heap before GC invocations=21 (full 7):
 PSYoungGen      total 685568K, used 2639K [0x00000000d5580000, 0x00000000ffe80000, 0x0000000100000000)
  eden space 674816K, 0% used [0x00000000d5580000,0x00000000d5580000,0x00000000fe880000)
  from space 10752K, 24% used [0x00000000ff400000,0x00000000ff693fc8,0x00000000ffe80000)
  to   space 11264K, 0% used [0x00000000fe880000,0x00000000fe880000,0x00000000ff380000)
 ParOldGen       total 1172480K, used 798203K [0x0000000080000000, 0x00000000c7900000, 0x00000000d5580000)
  object space 1172480K, 68% used [0x0000000080000000,0x00000000b0b7ec00,0x00000000c7900000)
 Metaspace       used 29746K, capacity 30774K, committed 31104K, reserved 1075200K
  class space    used 4104K, capacity 4374K, committed 4480K, reserved 1048576K
Event: 15.156 GC heap after
Heap after GC invocations=21 (full 7):
 PSYoungGen      total 685568K, used 0K [0x00000000d5580000, 0x00000000ffe80000, 0x0000000100000000)
  eden space 674816K, 0% used [0x00000000d5580000,0x00000000d5580000,0x00000000fe880000)
  from space 10752K, 0% used [0x00000000ff400000,0x00000000ff400000,0x00000000ffe80000)
  to   space 11264K, 0% used [0x00000000fe880000,0x00000000fe880000,0x00000000ff380000)
 ParOldGen       total 660992K, used 143391K [0x0000000080000000, 0x00000000a8580000, 0x00000000d5580000)
  object space 660992K, 21% used [0x0000000080000000,0x0000000088c07c50,0x00000000a8580000)
 Metaspace       used 29746K, capacity 30774K, committed 31104K, reserved 1075200K
  class space    used 4104K, capacity 4374K, committed 4480K, reserved 1048576K
}
Event: 15.670 GC heap before
{Heap before GC invocations=22 (full 7):
 PSYoungGen      total 685568K, used 542246K [0x00000000d5580000, 0x00000000ffe80000, 0x0000000100000000)
  eden space 674816K, 80% used [0x00000000d5580000,0x00000000f67099e0,0x00000000fe880000)
  from space 10752K, 0% used [0x00000000ff400000,0x00000000ff400000,0x00000000ffe80000)
  to   space 11264K, 0% used [0x00000000fe880000,0x00000000fe880000,0x00000000ff380000)
 ParOldGen       total 1185792K, used 667679K [0x0000000080000000, 0x00000000c8600000, 0x00000000d5580000)
  object space 1185792K, 56% used [0x0000000080000000,0x00000000a8c07c60,0x00000000c8600000)
 Metaspace       used 31353K, capacity 32454K, committed 32768K, reserved 1077248K
  class space    used 4212K, capacity 4482K, committed 4608K, reserved 1048576K
Event: 15.817 GC heap after
Heap after GC invocations=22 (full 7):
 PSYoungGen      total 686080K, used 1201K [0x00000000d5580000, 0x00000000fff80000, 0x0000000100000000)
  eden space 674816K, 0% used [0x00000000d5580000,0x00000000d5580000,0x00000000fe880000)
  from space 11264K, 10% used [0x00000000fe880000,0x00000000fe9ac5f0,0x00000000ff380000)
  to   space 10752K, 0% used [0x00000000ff500000,0x00000000ff500000,0x00000000fff80000)
 ParOldGen       total 1185792K, used 798751K [0x0000000080000000, 0x00000000c8600000, 0x00000000d5580000)
  object space 1185792K, 67% used [0x0000000080000000,0x00000000b0c07c70,0x00000000c8600000)
 Metaspace       used 31353K, capacity 32454K, committed 32768K, reserved 1077248K
  class space    used 4212K, capacity 4482K, committed 4608K, reserved 1048576K
}
Event: 15.817 GC heap before
{Heap before GC invocations=23 (full 8):
 PSYoungGen      total 686080K, used 1201K [0x00000000d5580000, 0x00000000fff80000, 0x0000000100000000)
  eden space 674816K, 0% used [0x00000000d5580000,0x00000000d5580000,0x00000000fe880000)
  from space 11264K, 10% used [0x00000000fe880000,0x00000000fe9ac5f0,0x00000000ff380000)
  to   space 10752K, 0% used [0x00000000ff500000,0x00000000ff500000,0x00000000fff80000)
 ParOldGen       total 1185792K, used 798751K [0x0000000080000000, 0x00000000c8600000, 0x00000000d5580000)
  object space 1185792K, 67% used [0x0000000080000000,0x00000000b0c07c70,0x00000000c8600000)
 Metaspace       used 31353K, capacity 32454K, committed 32768K, reserved 1077248K
  class space    used 4212K, capacity 4482K, committed 4608K, reserved 1048576K
Event: 15.961 GC heap after
Heap after GC invocations=23 (full 8):
 PSYoungGen      total 686080K, used 0K [0x00000000d5580000, 0x00000000fff80000, 0x0000000100000000)
  eden space 674816K, 0% used [0x00000000d5580000,0x00000000d5580000,0x00000000fe880000)
  from space 11264K, 0% used [0x00000000fe880000,0x00000000fe880000,0x00000000ff380000)
  to   space 10752K, 0% used [0x00000000ff500000,0x00000000ff500000,0x00000000fff80000)
 ParOldGen       total 675328K, used 143605K [0x0000000080000000, 0x00000000a9380000, 0x00000000d5580000)
  object space 675328K, 21% used [0x0000000080000000,0x0000000088c3d7e0,0x00000000a9380000)
 Metaspace       used 31353K, capacity 32454K, committed 32768K, reserved 1077248K
  class space    used 4212K, capacity 4482K, committed 4608K, reserved 1048576K
}
Event: 16.584 GC heap before
{Heap before GC invocations=24 (full 9):
 PSYoungGen      total 686080K, used 538610K [0x00000000d5580000, 0x00000000fff80000, 0x0000000100000000)
  eden space 674816K, 79% used [0x00000000d5580000,0x00000000f637cb90,0x00000000fe880000)
  from space 11264K, 0% used [0x00000000fe880000,0x00000000fe880000,0x00000000ff380000)
  to   space 10752K, 0% used [0x00000000ff500000,0x00000000ff500000,0x00000000fff80000)
 ParOldGen       total 675328K, used 667893K [0x0000000080000000, 0x00000000a9380000, 0x00000000d5580000)
  object space 675328K, 98% used [0x0000000080000000,0x00000000a8c3d7f0,0x00000000a9380000)
 Metaspace       used 31949K, capacity 33082K, committed 33280K, reserved 1077248K
  class space    used 4298K, capacity 4582K, committed 4608K, reserved 1048576K

