# JRE version: OpenJDK Runtime Environment (8.0_242-b01) (build 1.8.0_242-release-1644-b01)
# Java VM: OpenJDK 64-Bit Server VM (25.242-b01 mixed mode windows-amd64 compressed oops)
Heap:
 PSYoungGen      total 141312K, used 8006K [0x00000000d5580000, 0x00000000e0480000, 0x0000000100000000)
  eden space 129024K, 0% used [0x00000000d5580000,0x00000000d5580000,0x00000000dd380000)
  from space 12288K, 65% used [0x00000000ddf00000,0x00000000de6d1968,0x00000000deb00000)
  to   space 11776K, 0% used [0x00000000dd380000,0x00000000dd380000,0x00000000ddf00000)
 ParOldGen       total 77312K, used 7865K [0x0000000080000000, 0x0000000084b80000, 0x00000000d5580000)
  object space 77312K, 10% used [0x0000000080000000,0x00000000807ae660,0x0000000084b80000)
 Metaspace       used 34263K, capacity 35412K, committed 35496K, reserved 1079296K
  class space    used 4706K, capacity 5001K, committed 5040K, reserved 1048576K
GC Heap History (10 events):
Event: 5.099 GC heap after
Heap after GC invocations=5 (full 0):
 PSYoungGen      total 56832K, used 7442K [0x00000000d5580000, 0x00000000dcb80000, 0x0000000100000000)
  eden space 49152K, 0% used [0x00000000d5580000,0x00000000d5580000,0x00000000d8580000)
  from space 7680K, 96% used [0x00000000d8580000,0x00000000d8cc48a8,0x00000000d8d00000)
  to   space 11264K, 0% used [0x00000000dc080000,0x00000000dc080000,0x00000000dcb80000)
 ParOldGen       total 130048K, used 3573K [0x0000000080000000, 0x0000000087f00000, 0x00000000d5580000)
  object space 130048K, 2% used [0x0000000080000000,0x000000008037d5c8,0x0000000087f00000)
 Metaspace       used 20603K, capacity 21224K, committed 21296K, reserved 1067008K
  class space    used 2873K, capacity 3076K, committed 3120K, reserved 1048576K
}
Event: 5.099 GC heap before
{Heap before GC invocations=6 (full 1):
 PSYoungGen      total 56832K, used 7442K [0x00000000d5580000, 0x00000000dcb80000, 0x0000000100000000)
  eden space 49152K, 0% used [0x00000000d5580000,0x00000000d5580000,0x00000000d8580000)
  from space 7680K, 96% used [0x00000000d8580000,0x00000000d8cc48a8,0x00000000d8d00000)
  to   space 11264K, 0% used [0x00000000dc080000,0x00000000dc080000,0x00000000dcb80000)
 ParOldGen       total 130048K, used 3573K [0x0000000080000000, 0x0000000087f00000, 0x00000000d5580000)
  object space 130048K, 2% used [0x0000000080000000,0x000000008037d5c8,0x0000000087f00000)
 Metaspace       used 20603K, capacity 21224K, committed 21296K, reserved 1067008K
  class space    used 2873K, capacity 3076K, committed 3120K, reserved 1048576K
Event: 5.157 GC heap after
Heap after GC invocations=6 (full 1):
 PSYoungGen      total 56832K, used 0K [0x00000000d5580000, 0x00000000dcb80000, 0x0000000100000000)
  eden space 49152K, 0% used [0x00000000d5580000,0x00000000d5580000,0x00000000d8580000)
  from space 7680K, 0% used [0x00000000d8580000,0x00000000d8580000,0x00000000d8d00000)
  to   space 11264K, 0% used [0x00000000dc080000,0x00000000dc080000,0x00000000dcb80000)
 ParOldGen       total 77312K, used 7849K [0x0000000080000000, 0x0000000084b80000, 0x00000000d5580000)
  object space 77312K, 10% used [0x0000000080000000,0x00000000807aa660,0x0000000084b80000)
 Metaspace       used 20603K, capacity 21224K, committed 21296K, reserved 1067008K
  class space    used 2873K, capacity 3076K, committed 3120K, reserved 1048576K
}
Event: 5.944 GC heap before
{Heap before GC invocations=7 (full 1):
 PSYoungGen      total 56832K, used 48892K [0x00000000d5580000, 0x00000000dcb80000, 0x0000000100000000)
  eden space 49152K, 99% used [0x00000000d5580000,0x00000000d853f238,0x00000000d8580000)
  from space 7680K, 0% used [0x00000000d8580000,0x00000000d8580000,0x00000000d8d00000)
  to   space 11264K, 0% used [0x00000000dc080000,0x00000000dc080000,0x00000000dcb80000)
 ParOldGen       total 77312K, used 7849K [0x0000000080000000, 0x0000000084b80000, 0x00000000d5580000)
  object space 77312K, 10% used [0x0000000080000000,0x00000000807aa660,0x0000000084b80000)
 Metaspace       used 24725K, capacity 25522K, committed 25776K, reserved 1071104K
  class space    used 3515K, capacity 3743K, committed 3760K, reserved 1048576K
Event: 5.951 GC heap after
Heap after GC invocations=7 (full 1):
 PSYoungGen      total 86016K, used 5686K [0x00000000d5580000, 0x00000000dc680000, 0x0000000100000000)
  eden space 79872K, 0% used [0x00000000d5580000,0x00000000d5580000,0x00000000da380000)
  from space 6144K, 92% used [0x00000000dc080000,0x00000000dc60da78,0x00000000dc680000)
  to   space 10752K, 0% used [0x00000000db180000,0x00000000db180000,0x00000000dbc00000)
 ParOldGen       total 77312K, used 7857K [0x0000000080000000, 0x0000000084b80000, 0x00000000d5580000)
  object space 77312K, 10% used [0x0000000080000000,0x00000000807ac660,0x0000000084b80000)
 Metaspace       used 24725K, capacity 25522K, committed 25776K, reserved 1071104K
  class space    used 3515K, capacity 3743K, committed 3760K, reserved 1048576K
}
Event: 7.259 GC heap before
{Heap before GC invocations=8 (full 1):
 PSYoungGen      total 86016K, used 85558K [0x00000000d5580000, 0x00000000dc680000, 0x0000000100000000)
  eden space 79872K, 100% used [0x00000000d5580000,0x00000000da380000,0x00000000da380000)
  from space 6144K, 92% used [0x00000000dc080000,0x00000000dc60da78,0x00000000dc680000)
  to   space 10752K, 0% used [0x00000000db180000,0x00000000db180000,0x00000000dbc00000)
 ParOldGen       total 77312K, used 7857K [0x0000000080000000, 0x0000000084b80000, 0x00000000d5580000)
  object space 77312K, 10% used [0x0000000080000000,0x00000000807ac660,0x0000000084b80000)
 Metaspace       used 32823K, capacity 33860K, committed 33968K, reserved 1079296K
  class space    used 4474K, capacity 4750K, committed 4784K, reserved 1048576K
Event: 7.278 GC heap after
Heap after GC invocations=8 (full 1):
 PSYoungGen      total 104960K, used 10627K [0x00000000d5580000, 0x00000000deb00000, 0x0000000100000000)
  eden space 94208K, 0% used [0x00000000d5580000,0x00000000d5580000,0x00000000db180000)
  from space 10752K, 98% used [0x00000000db180000,0x00000000dbbe0f78,0x00000000dbc00000)
  to   space 12288K, 0% used [0x00000000ddf00000,0x00000000ddf00000,0x00000000deb00000)
 ParOldGen       total 77312K, used 7865K [0x0000000080000000, 0x0000000084b80000, 0x00000000d5580000)
  object space 77312K, 10% used [0x0000000080000000,0x00000000807ae660,0x0000000084b80000)
 Metaspace       used 32823K, capacity 33860K, committed 33968K, reserved 1079296K
  class space    used 4474K, capacity 4750K, committed 4784K, reserved 1048576K
}
Event: 7.756 GC heap before
{Heap before GC invocations=9 (full 1):
 PSYoungGen      total 104960K, used 39626K [0x00000000d5580000, 0x00000000deb00000, 0x0000000100000000)
  eden space 94208K, 30% used [0x00000000d5580000,0x00000000d71d1b60,0x00000000db180000)
  from space 10752K, 98% used [0x00000000db180000,0x00000000dbbe0f78,0x00000000dbc00000)
  to   space 12288K, 0% used [0x00000000ddf00000,0x00000000ddf00000,0x00000000deb00000)
 ParOldGen       total 77312K, used 7865K [0x0000000080000000, 0x0000000084b80000, 0x00000000d5580000)
  object space 77312K, 10% used [0x0000000080000000,0x00000000807ae660,0x0000000084b80000)
 Metaspace       used 34263K, capacity 35412K, committed 35496K, reserved 1079296K
  class space    used 4706K, capacity 5001K, committed 5040K, reserved 1048576K
Event: 7.772 GC heap after
Heap after GC invocations=9 (full 1):
 PSYoungGen      total 141312K, used 8006K [0x00000000d5580000, 0x00000000e0480000, 0x0000000100000000)
  eden space 129024K, 0% used [0x00000000d5580000,0x00000000d5580000,0x00000000dd380000)
  from space 12288K, 65% used [0x00000000ddf00000,0x00000000de6d1968,0x00000000deb00000)
  to   space 11776K, 0% used [0x00000000dd380000,0x00000000dd380000,0x00000000ddf00000)
 ParOldGen       total 77312K, used 7865K [0x0000000080000000, 0x0000000084b80000, 0x00000000d5580000)
  object space 77312K, 10% used [0x0000000080000000,0x00000000807ae660,0x0000000084b80000)
 Metaspace       used 34263K, capacity 35412K, committed 35496K, reserved 1079296K
  class space    used 4706K, capacity 5001K, committed 5040K, reserved 1048576K
}
Event: 7.772 GC heap before
{Heap before GC invocations=10 (full 2):
 PSYoungGen      total 141312K, used 8006K [0x00000000d5580000, 0x00000000e0480000, 0x0000000100000000)
  eden space 129024K, 0% used [0x00000000d5580000,0x00000000d5580000,0x00000000dd380000)
  from space 12288K, 65% used [0x00000000ddf00000,0x00000000de6d1968,0x00000000deb00000)
  to   space 11776K, 0% used [0x00000000dd380000,0x00000000dd380000,0x00000000ddf00000)
 ParOldGen       total 77312K, used 7865K [0x0000000080000000, 0x0000000084b80000, 0x00000000d5580000)
  object space 77312K, 10% used [0x0000000080000000,0x00000000807ae660,0x0000000084b80000)
 Metaspace       used 34263K, capacity 35412K, committed 35496K, reserved 1079296K
  class space    used 4706K, capacity 5001K, committed 5040K, reserved 1048576K

