# JRE version: OpenJDK Runtime Environment (8.0_242-b01) (build 1.8.0_242-release-1644-b01)
# Java VM: OpenJDK 64-Bit Server VM (25.242-b01 mixed mode windows-amd64 compressed oops)
Heap:
 PSYoungGen      total 56832K, used 14535K [0x00000000d5580000, 0x00000000dc480000, 0x0000000100000000)
  eden space 49152K, 13% used [0x00000000d5580000,0x00000000d5c37c80,0x00000000d8580000)
  from space 7680K, 99% used [0x00000000d8d00000,0x00000000d947a018,0x00000000d9480000)
  to   space 7680K, 87% used [0x00000000d8580000,0x00000000d8c10030,0x00000000d8d00000)
 ParOldGen       total 130048K, used 3668K [0x0000000080000000, 0x0000000087f00000, 0x00000000d5580000)
  object space 130048K, 2% used [0x0000000080000000,0x0000000080395140,0x0000000087f00000)
 Metaspace       used 20470K, capacity 21146K, committed 21248K, reserved 1067008K
  class space    used 2852K, capacity 3033K, committed 3072K, reserved 1048576K
GC Heap History (9 events):
Event: 1.615 GC heap before
{Heap before GC invocations=1 (full 0):
 PSYoungGen      total 56832K, used 49152K [0x00000000d5580000, 0x00000000d9480000, 0x0000000100000000)
  eden space 49152K, 100% used [0x00000000d5580000,0x00000000d8580000,0x00000000d8580000)
  from space 7680K, 0% used [0x00000000d8d00000,0x00000000d8d00000,0x00000000d9480000)
  to   space 7680K, 0% used [0x00000000d8580000,0x00000000d8580000,0x00000000d8d00000)
 ParOldGen       total 130048K, used 0K [0x0000000080000000, 0x0000000087f00000, 0x00000000d5580000)
  object space 130048K, 0% used [0x0000000080000000,0x0000000080000000,0x0000000087f00000)
 Metaspace       used 7278K, capacity 7518K, committed 7680K, reserved 1056768K
  class space    used 890K, capacity 973K, committed 1024K, reserved 1048576K
Event: 1.623 GC heap after
Heap after GC invocations=1 (full 0):
 PSYoungGen      total 56832K, used 4680K [0x00000000d5580000, 0x00000000d9480000, 0x0000000100000000)
  eden space 49152K, 0% used [0x00000000d5580000,0x00000000d5580000,0x00000000d8580000)
  from space 7680K, 60% used [0x00000000d8580000,0x00000000d8a12028,0x00000000d8d00000)
  to   space 7680K, 0% used [0x00000000d8d00000,0x00000000d8d00000,0x00000000d9480000)
 ParOldGen       total 130048K, used 16K [0x0000000080000000, 0x0000000087f00000, 0x00000000d5580000)
  object space 130048K, 0% used [0x0000000080000000,0x0000000080004000,0x0000000087f00000)
 Metaspace       used 7278K, capacity 7518K, committed 7680K, reserved 1056768K
  class space    used 890K, capacity 973K, committed 1024K, reserved 1048576K
}
Event: 3.139 GC heap before
{Heap before GC invocations=2 (full 0):
 PSYoungGen      total 56832K, used 53832K [0x00000000d5580000, 0x00000000d9480000, 0x0000000100000000)
  eden space 49152K, 100% used [0x00000000d5580000,0x00000000d8580000,0x00000000d8580000)
  from space 7680K, 60% used [0x00000000d8580000,0x00000000d8a12028,0x00000000d8d00000)
  to   space 7680K, 0% used [0x00000000d8d00000,0x00000000d8d00000,0x00000000d9480000)
 ParOldGen       total 130048K, used 16K [0x0000000080000000, 0x0000000087f00000, 0x00000000d5580000)
  object space 130048K, 0% used [0x0000000080000000,0x0000000080004018,0x0000000087f00000)
 Metaspace       used 10899K, capacity 11140K, committed 11392K, reserved 1058816K
  class space    used 1439K, capacity 1542K, committed 1664K, reserved 1048576K
Event: 3.148 GC heap after
Heap after GC invocations=2 (full 0):
 PSYoungGen      total 56832K, used 5889K [0x00000000d5580000, 0x00000000d9480000, 0x0000000100000000)
  eden space 49152K, 0% used [0x00000000d5580000,0x00000000d5580000,0x00000000d8580000)
  from space 7680K, 76% used [0x00000000d8d00000,0x00000000d92c05e8,0x00000000d9480000)
  to   space 7680K, 0% used [0x00000000d8580000,0x00000000d8580000,0x00000000d8d00000)
 ParOldGen       total 130048K, used 24K [0x0000000080000000, 0x0000000087f00000, 0x00000000d5580000)
  object space 130048K, 0% used [0x0000000080000000,0x0000000080006018,0x0000000087f00000)
 Metaspace       used 10899K, capacity 11140K, committed 11392K, reserved 1058816K
  class space    used 1439K, capacity 1542K, committed 1664K, reserved 1048576K
}
Event: 3.938 GC heap before
{Heap before GC invocations=3 (full 0):
 PSYoungGen      total 56832K, used 55041K [0x00000000d5580000, 0x00000000d9480000, 0x0000000100000000)
  eden space 49152K, 100% used [0x00000000d5580000,0x00000000d8580000,0x00000000d8580000)
  from space 7680K, 76% used [0x00000000d8d00000,0x00000000d92c05e8,0x00000000d9480000)
  to   space 7680K, 0% used [0x00000000d8580000,0x00000000d8580000,0x00000000d8d00000)
 ParOldGen       total 130048K, used 29K [0x0000000080000000, 0x0000000087f00000, 0x00000000d5580000)
  object space 130048K, 0% used [0x0000000080000000,0x00000000800075f0,0x0000000087f00000)
 Metaspace       used 16448K, capacity 17084K, committed 17280K, reserved 1064960K
  class space    used 2178K, capacity 2378K, committed 2432K, reserved 1048576K
Event: 3.949 GC heap after
Heap after GC invocations=3 (full 0):
 PSYoungGen      total 56832K, used 7651K [0x00000000d5580000, 0x00000000d9480000, 0x0000000100000000)
  eden space 49152K, 0% used [0x00000000d5580000,0x00000000d5580000,0x00000000d8580000)
  from space 7680K, 99% used [0x00000000d8580000,0x00000000d8cf8d40,0x00000000d8d00000)
  to   space 7680K, 0% used [0x00000000d8d00000,0x00000000d8d00000,0x00000000d9480000)
 ParOldGen       total 130048K, used 1389K [0x0000000080000000, 0x0000000087f00000, 0x00000000d5580000)
  object space 130048K, 1% used [0x0000000080000000,0x000000008015b588,0x0000000087f00000)
 Metaspace       used 16448K, capacity 17084K, committed 17280K, reserved 1064960K
  class space    used 2178K, capacity 2378K, committed 2432K, reserved 1048576K
}
Event: 4.879 GC heap before
{Heap before GC invocations=4 (full 0):
 PSYoungGen      total 56832K, used 56803K [0x00000000d5580000, 0x00000000d9480000, 0x0000000100000000)
  eden space 49152K, 100% used [0x00000000d5580000,0x00000000d8580000,0x00000000d8580000)
  from space 7680K, 99% used [0x00000000d8580000,0x00000000d8cf8d40,0x00000000d8d00000)
  to   space 7680K, 0% used [0x00000000d8d00000,0x00000000d8d00000,0x00000000d9480000)
 ParOldGen       total 130048K, used 1389K [0x0000000080000000, 0x0000000087f00000, 0x00000000d5580000)
  object space 130048K, 1% used [0x0000000080000000,0x000000008015b588,0x0000000087f00000)
 Metaspace       used 19867K, capacity 20560K, committed 20736K, reserved 1067008K
  class space    used 2753K, capacity 2952K, committed 3072K, reserved 1048576K
Event: 4.897 GC heap after
Heap after GC invocations=4 (full 0):
 PSYoungGen      total 56832K, used 7656K [0x00000000d5580000, 0x00000000dc480000, 0x0000000100000000)
  eden space 49152K, 0% used [0x00000000d5580000,0x00000000d5580000,0x00000000d8580000)
  from space 7680K, 99% used [0x00000000d8d00000,0x00000000d947a018,0x00000000d9480000)
  to   space 7680K, 0% used [0x00000000d8580000,0x00000000d8580000,0x00000000d8d00000)
 ParOldGen       total 130048K, used 3660K [0x0000000080000000, 0x0000000087f00000, 0x00000000d5580000)
  object space 130048K, 2% used [0x0000000080000000,0x0000000080393140,0x0000000087f00000)
 Metaspace       used 19867K, capacity 20560K, committed 20736K, reserved 1067008K
  class space    used 2753K, capacity 2952K, committed 3072K, reserved 1048576K
}
Event: 5.042 GC heap before
{Heap before GC invocations=5 (full 0):
 PSYoungGen      total 56832K, used 14535K [0x00000000d5580000, 0x00000000dc480000, 0x0000000100000000)
  eden space 49152K, 13% used [0x00000000d5580000,0x00000000d5c37c80,0x00000000d8580000)
  from space 7680K, 99% used [0x00000000d8d00000,0x00000000d947a018,0x00000000d9480000)
  to   space 7680K, 0% used [0x00000000d8580000,0x00000000d8580000,0x00000000d8d00000)
 ParOldGen       total 130048K, used 3660K [0x0000000080000000, 0x0000000087f00000, 0x00000000d5580000)
  object space 130048K, 2% used [0x0000000080000000,0x0000000080393140,0x0000000087f00000)
 Metaspace       used 20470K, capacity 21146K, committed 21248K, reserved 1067008K
  class space    used 2852K, capacity 3033K, committed 3072K, reserved 1048576K

