# JRE version: OpenJDK Runtime Environment (8.0_242-b01) (build 1.8.0_242-release-1644-b01)
# Java VM: OpenJDK 64-Bit Server VM (25.242-b01 mixed mode windows-amd64 compressed oops)
Heap:
 PSYoungGen      total 87040K, used 13603K [0x00000000d5580000, 0x00000000dc500000, 0x0000000100000000)
  eden space 82432K, 11% used [0x00000000d5580000,0x00000000d5eb4220,0x00000000da600000)
  from space 4608K, 90% used [0x00000000dc080000,0x00000000dc494b60,0x00000000dc500000)
  to   space 11264K, 0% used [0x00000000daf00000,0x00000000daf00000,0x00000000dba00000)
 ParOldGen       total 73728K, used 7653K [0x0000000080000000, 0x0000000084800000, 0x00000000d5580000)
  object space 73728K, 10% used [0x0000000080000000,0x0000000080779440,0x0000000084800000)
 Metaspace       used 24045K, capacity 25064K, committed 25216K, reserved 1071104K
  class space    used 3426K, capacity 3698K, committed 3712K, reserved 1048576K
GC Heap History (10 events):
Event: 3.702 GC heap before
{Heap before GC invocations=3 (full 0):
 PSYoungGen      total 56832K, used 55009K [0x00000000d5580000, 0x00000000d9480000, 0x0000000100000000)
  eden space 49152K, 100% used [0x00000000d5580000,0x00000000d8580000,0x00000000d8580000)
  from space 7680K, 76% used [0x00000000d8d00000,0x00000000d92b85e8,0x00000000d9480000)
  to   space 7680K, 0% used [0x00000000d8580000,0x00000000d8580000,0x00000000d8d00000)
 ParOldGen       total 130048K, used 16K [0x0000000080000000, 0x0000000087f00000, 0x00000000d5580000)
  object space 130048K, 0% used [0x0000000080000000,0x0000000080004000,0x0000000087f00000)
 Metaspace       used 16426K, capacity 17020K, committed 17280K, reserved 1064960K
  class space    used 2177K, capacity 2378K, committed 2432K, reserved 1048576K
Event: 3.712 GC heap after
Heap after GC invocations=3 (full 0):
 PSYoungGen      total 56832K, used 7666K [0x00000000d5580000, 0x00000000d9480000, 0x0000000100000000)
  eden space 49152K, 0% used [0x00000000d5580000,0x00000000d5580000,0x00000000d8580000)
  from space 7680K, 99% used [0x00000000d8580000,0x00000000d8cfcb18,0x00000000d8d00000)
  to   space 7680K, 0% used [0x00000000d8d00000,0x00000000d8d00000,0x00000000d9480000)
 ParOldGen       total 130048K, used 1306K [0x0000000080000000, 0x0000000087f00000, 0x00000000d5580000)
  object space 130048K, 1% used [0x0000000080000000,0x0000000080146940,0x0000000087f00000)
 Metaspace       used 16426K, capacity 17020K, committed 17280K, reserved 1064960K
  class space    used 2177K, capacity 2378K, committed 2432K, reserved 1048576K
}
Event: 4.632 GC heap before
{Heap before GC invocations=4 (full 0):
 PSYoungGen      total 56832K, used 56818K [0x00000000d5580000, 0x00000000d9480000, 0x0000000100000000)
  eden space 49152K, 100% used [0x00000000d5580000,0x00000000d8580000,0x00000000d8580000)
  from space 7680K, 99% used [0x00000000d8580000,0x00000000d8cfcb18,0x00000000d8d00000)
  to   space 7680K, 0% used [0x00000000d8d00000,0x00000000d8d00000,0x00000000d9480000)
 ParOldGen       total 130048K, used 1306K [0x0000000080000000, 0x0000000087f00000, 0x00000000d5580000)
  object space 130048K, 1% used [0x0000000080000000,0x0000000080146940,0x0000000087f00000)
 Metaspace       used 19871K, capacity 20560K, committed 20736K, reserved 1067008K
  class space    used 2754K, capacity 2952K, committed 3072K, reserved 1048576K
Event: 4.646 GC heap after
Heap after GC invocations=4 (full 0):
 PSYoungGen      total 56832K, used 7649K [0x00000000d5580000, 0x00000000d9480000, 0x0000000100000000)
  eden space 49152K, 0% used [0x00000000d5580000,0x00000000d5580000,0x00000000d8580000)
  from space 7680K, 99% used [0x00000000d8d00000,0x00000000d9478510,0x00000000d9480000)
  to   space 7680K, 0% used [0x00000000d8580000,0x00000000d8580000,0x00000000d8d00000)
 ParOldGen       total 130048K, used 3629K [0x0000000080000000, 0x0000000087f00000, 0x00000000d5580000)
  object space 130048K, 2% used [0x0000000080000000,0x000000008038b458,0x0000000087f00000)
 Metaspace       used 19871K, capacity 20560K, committed 20736K, reserved 1067008K
  class space    used 2754K, capacity 2952K, committed 3072K, reserved 1048576K
}
Event: 4.774 GC heap before
{Heap before GC invocations=5 (full 0):
 PSYoungGen      total 56832K, used 14525K [0x00000000d5580000, 0x00000000d9480000, 0x0000000100000000)
  eden space 49152K, 13% used [0x00000000d5580000,0x00000000d5c36f78,0x00000000d8580000)
  from space 7680K, 99% used [0x00000000d8d00000,0x00000000d9478510,0x00000000d9480000)
  to   space 7680K, 0% used [0x00000000d8580000,0x00000000d8580000,0x00000000d8d00000)
 ParOldGen       total 130048K, used 3629K [0x0000000080000000, 0x0000000087f00000, 0x00000000d5580000)
  object space 130048K, 2% used [0x0000000080000000,0x000000008038b458,0x0000000087f00000)
 Metaspace       used 20481K, capacity 21146K, committed 21248K, reserved 1067008K
  class space    used 2854K, capacity 3033K, committed 3072K, reserved 1048576K
Event: 4.786 GC heap after
Heap after GC invocations=5 (full 0):
 PSYoungGen      total 56832K, used 7257K [0x00000000d5580000, 0x00000000dcb80000, 0x0000000100000000)
  eden space 49152K, 0% used [0x00000000d5580000,0x00000000d5580000,0x00000000d8580000)
  from space 7680K, 94% used [0x00000000d8580000,0x00000000d8c964f8,0x00000000d8d00000)
  to   space 11264K, 0% used [0x00000000dc080000,0x00000000dc080000,0x00000000dcb80000)
 ParOldGen       total 130048K, used 3637K [0x0000000080000000, 0x0000000087f00000, 0x00000000d5580000)
  object space 130048K, 2% used [0x0000000080000000,0x000000008038d458,0x0000000087f00000)
 Metaspace       used 20481K, capacity 21146K, committed 21248K, reserved 1067008K
  class space    used 2854K, capacity 3033K, committed 3072K, reserved 1048576K
}
Event: 4.786 GC heap before
{Heap before GC invocations=6 (full 1):
 PSYoungGen      total 56832K, used 7257K [0x00000000d5580000, 0x00000000dcb80000, 0x0000000100000000)
  eden space 49152K, 0% used [0x00000000d5580000,0x00000000d5580000,0x00000000d8580000)
  from space 7680K, 94% used [0x00000000d8580000,0x00000000d8c964f8,0x00000000d8d00000)
  to   space 11264K, 0% used [0x00000000dc080000,0x00000000dc080000,0x00000000dcb80000)
 ParOldGen       total 130048K, used 3637K [0x0000000080000000, 0x0000000087f00000, 0x00000000d5580000)
  object space 130048K, 2% used [0x0000000080000000,0x000000008038d458,0x0000000087f00000)
 Metaspace       used 20481K, capacity 21146K, committed 21248K, reserved 1067008K
  class space    used 2854K, capacity 3033K, committed 3072K, reserved 1048576K
Event: 4.841 GC heap after
Heap after GC invocations=6 (full 1):
 PSYoungGen      total 56832K, used 0K [0x00000000d5580000, 0x00000000dcb80000, 0x0000000100000000)
  eden space 49152K, 0% used [0x00000000d5580000,0x00000000d5580000,0x00000000d8580000)
  from space 7680K, 0% used [0x00000000d8580000,0x00000000d8580000,0x00000000d8d00000)
  to   space 11264K, 0% used [0x00000000dc080000,0x00000000dc080000,0x00000000dcb80000)
 ParOldGen       total 73728K, used 7645K [0x0000000080000000, 0x0000000084800000, 0x00000000d5580000)
  object space 73728K, 10% used [0x0000000080000000,0x0000000080777440,0x0000000084800000)
 Metaspace       used 20481K, capacity 21146K, committed 21248K, reserved 1067008K
  class space    used 2854K, capacity 3033K, committed 3072K, reserved 1048576K
}
Event: 5.573 GC heap before
{Heap before GC invocations=7 (full 1):
 PSYoungGen      total 56832K, used 49152K [0x00000000d5580000, 0x00000000dcb80000, 0x0000000100000000)
  eden space 49152K, 100% used [0x00000000d5580000,0x00000000d8580000,0x00000000d8580000)
  from space 7680K, 0% used [0x00000000d8580000,0x00000000d8580000,0x00000000d8d00000)
  to   space 11264K, 0% used [0x00000000dc080000,0x00000000dc080000,0x00000000dcb80000)
 ParOldGen       total 73728K, used 7645K [0x0000000080000000, 0x0000000084800000, 0x00000000d5580000)
  object space 73728K, 10% used [0x0000000080000000,0x0000000080777440,0x0000000084800000)
 Metaspace       used 23117K, capacity 24102K, committed 24320K, reserved 1071104K
  class space    used 3278K, capacity 3525K, committed 3584K, reserved 1048576K
Event: 5.580 GC heap after
Heap after GC invocations=7 (full 1):
 PSYoungGen      total 87040K, used 4178K [0x00000000d5580000, 0x00000000dc500000, 0x0000000100000000)
  eden space 82432K, 0% used [0x00000000d5580000,0x00000000d5580000,0x00000000da600000)
  from space 4608K, 90% used [0x00000000dc080000,0x00000000dc494b60,0x00000000dc500000)
  to   space 11264K, 0% used [0x00000000daf00000,0x00000000daf00000,0x00000000dba00000)
 ParOldGen       total 73728K, used 7653K [0x0000000080000000, 0x0000000084800000, 0x00000000d5580000)
  object space 73728K, 10% used [0x0000000080000000,0x0000000080779440,0x0000000084800000)
 Metaspace       used 23117K, capacity 24102K, committed 24320K, reserved 1071104K
  class space    used 3278K, capacity 3525K, committed 3584K, reserved 1048576K
}

