# JRE version: OpenJDK Runtime Environment (8.0_242-b01) (build 1.8.0_242-release-1644-b01)
# Java VM: OpenJDK 64-Bit Server VM (25.242-b01 mixed mode windows-amd64 compressed oops)
Heap:
 PSYoungGen      total 87552K, used 42775K [0x00000000d5580000, 0x00000000dc500000, 0x0000000100000000)
  eden space 82944K, 46% used [0x00000000d5580000,0x00000000d7b38c30,0x00000000da680000)
  from space 4608K, 90% used [0x00000000dc080000,0x00000000dc48d358,0x00000000dc500000)
  to   space 11264K, 0% used [0x00000000daf00000,0x00000000daf00000,0x00000000dba00000)
 ParOldGen       total 74240K, used 7642K [0x0000000080000000, 0x0000000084880000, 0x00000000d5580000)
  object space 74240K, 10% used [0x0000000080000000,0x0000000080776bb8,0x0000000084880000)
 Metaspace       used 29518K, capacity 30590K, committed 30720K, reserved 1075200K
  class space    used 4067K, capacity 4338K, committed 4352K, reserved 1048576K
GC Heap History (10 events):
Event: 3.930 GC heap before
{Heap before GC invocations=3 (full 0):
 PSYoungGen      total 56832K, used 55025K [0x00000000d5580000, 0x00000000d9480000, 0x0000000100000000)
  eden space 49152K, 100% used [0x00000000d5580000,0x00000000d8580000,0x00000000d8580000)
  from space 7680K, 76% used [0x00000000d8d00000,0x00000000d92bc5f8,0x00000000d9480000)
  to   space 7680K, 0% used [0x00000000d8580000,0x00000000d8580000,0x00000000d8d00000)
 ParOldGen       total 130048K, used 24K [0x0000000080000000, 0x0000000087f00000, 0x00000000d5580000)
  object space 130048K, 0% used [0x0000000080000000,0x0000000080006138,0x0000000087f00000)
 Metaspace       used 16438K, capacity 17084K, committed 17280K, reserved 1064960K
  class space    used 2177K, capacity 2378K, committed 2432K, reserved 1048576K
Event: 3.941 GC heap after
Heap after GC invocations=3 (full 0):
 PSYoungGen      total 56832K, used 7651K [0x00000000d5580000, 0x00000000d9480000, 0x0000000100000000)
  eden space 49152K, 0% used [0x00000000d5580000,0x00000000d5580000,0x00000000d8580000)
  from space 7680K, 99% used [0x00000000d8580000,0x00000000d8cf8f20,0x00000000d8d00000)
  to   space 7680K, 0% used [0x00000000d8d00000,0x00000000d8d00000,0x00000000d9480000)
 ParOldGen       total 130048K, used 1362K [0x0000000080000000, 0x0000000087f00000, 0x00000000d5580000)
  object space 130048K, 1% used [0x0000000080000000,0x0000000080154910,0x0000000087f00000)
 Metaspace       used 16438K, capacity 17084K, committed 17280K, reserved 1064960K
  class space    used 2177K, capacity 2378K, committed 2432K, reserved 1048576K
}
Event: 5.079 GC heap before
{Heap before GC invocations=4 (full 0):
 PSYoungGen      total 56832K, used 56803K [0x00000000d5580000, 0x00000000d9480000, 0x0000000100000000)
  eden space 49152K, 100% used [0x00000000d5580000,0x00000000d8580000,0x00000000d8580000)
  from space 7680K, 99% used [0x00000000d8580000,0x00000000d8cf8f20,0x00000000d8d00000)
  to   space 7680K, 0% used [0x00000000d8d00000,0x00000000d8d00000,0x00000000d9480000)
 ParOldGen       total 130048K, used 1362K [0x0000000080000000, 0x0000000087f00000, 0x00000000d5580000)
  object space 130048K, 1% used [0x0000000080000000,0x0000000080154910,0x0000000087f00000)
 Metaspace       used 19870K, capacity 20528K, committed 20608K, reserved 1067008K
  class space    used 2751K, capacity 2920K, committed 2944K, reserved 1048576K
Event: 5.093 GC heap after
Heap after GC invocations=4 (full 0):
 PSYoungGen      total 56832K, used 7677K [0x00000000d5580000, 0x00000000d9480000, 0x0000000100000000)
  eden space 49152K, 0% used [0x00000000d5580000,0x00000000d5580000,0x00000000d8580000)
  from space 7680K, 99% used [0x00000000d8d00000,0x00000000d947f740,0x00000000d9480000)
  to   space 7680K, 0% used [0x00000000d8580000,0x00000000d8580000,0x00000000d8d00000)
 ParOldGen       total 130048K, used 3583K [0x0000000080000000, 0x0000000087f00000, 0x00000000d5580000)
  object space 130048K, 2% used [0x0000000080000000,0x000000008037fec8,0x0000000087f00000)
 Metaspace       used 19870K, capacity 20528K, committed 20608K, reserved 1067008K
  class space    used 2751K, capacity 2920K, committed 2944K, reserved 1048576K
}
Event: 5.227 GC heap before
{Heap before GC invocations=5 (full 0):
 PSYoungGen      total 56832K, used 14653K [0x00000000d5580000, 0x00000000d9480000, 0x0000000100000000)
  eden space 49152K, 14% used [0x00000000d5580000,0x00000000d5c4fdf0,0x00000000d8580000)
  from space 7680K, 99% used [0x00000000d8d00000,0x00000000d947f740,0x00000000d9480000)
  to   space 7680K, 0% used [0x00000000d8580000,0x00000000d8580000,0x00000000d8d00000)
 ParOldGen       total 130048K, used 3583K [0x0000000080000000, 0x0000000087f00000, 0x00000000d5580000)
  object space 130048K, 2% used [0x0000000080000000,0x000000008037fec8,0x0000000087f00000)
 Metaspace       used 20469K, capacity 21146K, committed 21248K, reserved 1067008K
  class space    used 2849K, capacity 3033K, committed 3072K, reserved 1048576K
Event: 5.240 GC heap after
Heap after GC invocations=5 (full 0):
 PSYoungGen      total 56832K, used 7257K [0x00000000d5580000, 0x00000000dcb80000, 0x0000000100000000)
  eden space 49152K, 0% used [0x00000000d5580000,0x00000000d5580000,0x00000000d8580000)
  from space 7680K, 94% used [0x00000000d8580000,0x00000000d8c964f8,0x00000000d8d00000)
  to   space 11264K, 0% used [0x00000000dc080000,0x00000000dc080000,0x00000000dcb80000)
 ParOldGen       total 130048K, used 3591K [0x0000000080000000, 0x0000000087f00000, 0x00000000d5580000)
  object space 130048K, 2% used [0x0000000080000000,0x0000000080381ec8,0x0000000087f00000)
 Metaspace       used 20469K, capacity 21146K, committed 21248K, reserved 1067008K
  class space    used 2849K, capacity 3033K, committed 3072K, reserved 1048576K
}
Event: 5.240 GC heap before
{Heap before GC invocations=6 (full 1):
 PSYoungGen      total 56832K, used 7257K [0x00000000d5580000, 0x00000000dcb80000, 0x0000000100000000)
  eden space 49152K, 0% used [0x00000000d5580000,0x00000000d5580000,0x00000000d8580000)
  from space 7680K, 94% used [0x00000000d8580000,0x00000000d8c964f8,0x00000000d8d00000)
  to   space 11264K, 0% used [0x00000000dc080000,0x00000000dc080000,0x00000000dcb80000)
 ParOldGen       total 130048K, used 3591K [0x0000000080000000, 0x0000000087f00000, 0x00000000d5580000)
  object space 130048K, 2% used [0x0000000080000000,0x0000000080381ec8,0x0000000087f00000)
 Metaspace       used 20469K, capacity 21146K, committed 21248K, reserved 1067008K
  class space    used 2849K, capacity 3033K, committed 3072K, reserved 1048576K
Event: 5.306 GC heap after
Heap after GC invocations=6 (full 1):
 PSYoungGen      total 56832K, used 0K [0x00000000d5580000, 0x00000000dcb80000, 0x0000000100000000)
  eden space 49152K, 0% used [0x00000000d5580000,0x00000000d5580000,0x00000000d8580000)
  from space 7680K, 0% used [0x00000000d8580000,0x00000000d8580000,0x00000000d8d00000)
  to   space 11264K, 0% used [0x00000000dc080000,0x00000000dc080000,0x00000000dcb80000)
 ParOldGen       total 74240K, used 7634K [0x0000000080000000, 0x0000000084880000, 0x00000000d5580000)
  object space 74240K, 10% used [0x0000000080000000,0x0000000080774bb8,0x0000000084880000)
 Metaspace       used 20469K, capacity 21146K, committed 21248K, reserved 1067008K
  class space    used 2849K, capacity 3033K, committed 3072K, reserved 1048576K
}
Event: 6.105 GC heap before
{Heap before GC invocations=7 (full 1):
 PSYoungGen      total 56832K, used 49152K [0x00000000d5580000, 0x00000000dcb80000, 0x0000000100000000)
  eden space 49152K, 100% used [0x00000000d5580000,0x00000000d8580000,0x00000000d8580000)
  from space 7680K, 0% used [0x00000000d8580000,0x00000000d8580000,0x00000000d8d00000)
  to   space 11264K, 0% used [0x00000000dc080000,0x00000000dc080000,0x00000000dcb80000)
 ParOldGen       total 74240K, used 7634K [0x0000000080000000, 0x0000000084880000, 0x00000000d5580000)
  object space 74240K, 10% used [0x0000000080000000,0x0000000080774bb8,0x0000000084880000)
 Metaspace       used 23126K, capacity 24038K, committed 24320K, reserved 1071104K
  class space    used 3274K, capacity 3525K, committed 3584K, reserved 1048576K
Event: 6.118 GC heap after
Heap after GC invocations=7 (full 1):
 PSYoungGen      total 87552K, used 4148K [0x00000000d5580000, 0x00000000dc500000, 0x0000000100000000)
  eden space 82944K, 0% used [0x00000000d5580000,0x00000000d5580000,0x00000000da680000)
  from space 4608K, 90% used [0x00000000dc080000,0x00000000dc48d358,0x00000000dc500000)
  to   space 11264K, 0% used [0x00000000daf00000,0x00000000daf00000,0x00000000dba00000)
 ParOldGen       total 74240K, used 7642K [0x0000000080000000, 0x0000000084880000, 0x00000000d5580000)
  object space 74240K, 10% used [0x0000000080000000,0x0000000080776bb8,0x0000000084880000)
 Metaspace       used 23126K, capacity 24038K, committed 24320K, reserved 1071104K
  class space    used 3274K, capacity 3525K, committed 3584K, reserved 1048576K
}

