# JRE version: OpenJDK Runtime Environment (8.0_242-b01) (build 1.8.0_242-release-1644-b01)
# Java VM: OpenJDK 64-Bit Server VM (25.242-b01 mixed mode windows-amd64 compressed oops)
Heap:
 PSYoungGen      total 358912K, used 115030K [0x00000000d5580000, 0x00000000ef080000, 0x0000000100000000)
  eden space 336896K, 27% used [0x00000000d5580000,0x00000000db05cb00,0x00000000e9e80000)
  from space 22016K, 99% used [0x00000000eb900000,0x00000000ece78d50,0x00000000ece80000)
  to   space 27136K, 0% used [0x00000000e9e80000,0x00000000e9e80000,0x00000000eb900000)
 ParOldGen       total 172544K, used 44626K [0x0000000080000000, 0x000000008a880000, 0x00000000d5580000)
  object space 172544K, 25% used [0x0000000080000000,0x0000000082b94ab0,0x000000008a880000)
 Metaspace       used 80708K, capacity 84564K, committed 84696K, reserved 1122304K
  class space    used 10899K, capacity 11719K, committed 11776K, reserved 1048576K
GC Heap History (10 events):
Event: 8.209 GC heap before
{Heap before GC invocations=9 (full 2):
 PSYoungGen      total 205824K, used 9464K [0x00000000d5580000, 0x00000000e9e00000, 0x0000000100000000)
  eden space 193536K, 0% used [0x00000000d5580000,0x00000000d5580000,0x00000000e1280000)
  from space 12288K, 77% used [0x00000000e1280000,0x00000000e1bbe280,0x00000000e1e80000)
  to   space 12800K, 0% used [0x00000000e9180000,0x00000000e9180000,0x00000000e9e00000)
 ParOldGen       total 69120K, used 7679K [0x0000000080000000, 0x0000000084380000, 0x00000000d5580000)
  object space 69120K, 11% used [0x0000000080000000,0x000000008077ff30,0x0000000084380000)
 Metaspace       used 34154K, capacity 35274K, committed 35416K, reserved 1079296K
  class space    used 4625K, capacity 4918K, committed 4992K, reserved 1048576K
Event: 8.370 GC heap after
Heap after GC invocations=9 (full 2):
 PSYoungGen      total 205824K, used 0K [0x00000000d5580000, 0x00000000e9e00000, 0x0000000100000000)
  eden space 193536K, 0% used [0x00000000d5580000,0x00000000d5580000,0x00000000e1280000)
  from space 12288K, 0% used [0x00000000e1280000,0x00000000e1280000,0x00000000e1e80000)
  to   space 12800K, 0% used [0x00000000e9180000,0x00000000e9180000,0x00000000e9e00000)
 ParOldGen       total 108544K, used 15794K [0x0000000080000000, 0x0000000086a00000, 0x00000000d5580000)
  object space 108544K, 14% used [0x0000000080000000,0x0000000080f6caa0,0x0000000086a00000)
 Metaspace       used 34154K, capacity 35274K, committed 35416K, reserved 1079296K
  class space    used 4625K, capacity 4918K, committed 4992K, reserved 1048576K
}
Event: 11.215 GC heap before
{Heap before GC invocations=10 (full 2):
 PSYoungGen      total 205824K, used 193536K [0x00000000d5580000, 0x00000000e9e00000, 0x0000000100000000)
  eden space 193536K, 100% used [0x00000000d5580000,0x00000000e1280000,0x00000000e1280000)
  from space 12288K, 0% used [0x00000000e1280000,0x00000000e1280000,0x00000000e1e80000)
  to   space 12800K, 0% used [0x00000000e9180000,0x00000000e9180000,0x00000000e9e00000)
 ParOldGen       total 108544K, used 15794K [0x0000000080000000, 0x0000000086a00000, 0x00000000d5580000)
  object space 108544K, 14% used [0x0000000080000000,0x0000000080f6caa0,0x0000000086a00000)
 Metaspace       used 42222K, capacity 44208K, committed 44504K, reserved 1087488K
  class space    used 5664K, capacity 6047K, committed 6144K, reserved 1048576K
Event: 11.236 GC heap after
Heap after GC invocations=10 (full 2):
 PSYoungGen      total 288256K, used 12794K [0x00000000d5580000, 0x00000000e9e00000, 0x0000000100000000)
  eden space 275456K, 0% used [0x00000000d5580000,0x00000000d5580000,0x00000000e6280000)
  from space 12800K, 99% used [0x00000000e9180000,0x00000000e9dfeac0,0x00000000e9e00000)
  to   space 14848K, 0% used [0x00000000e8100000,0x00000000e8100000,0x00000000e8f80000)
 ParOldGen       total 108544K, used 18013K [0x0000000080000000, 0x0000000086a00000, 0x00000000d5580000)
  object space 108544K, 16% used [0x0000000080000000,0x00000000811974e8,0x0000000086a00000)
 Metaspace       used 42222K, capacity 44208K, committed 44504K, reserved 1087488K
  class space    used 5664K, capacity 6047K, committed 6144K, reserved 1048576K
}
Event: 13.655 GC heap before
{Heap before GC invocations=11 (full 2):
 PSYoungGen      total 288256K, used 180805K [0x00000000d5580000, 0x00000000e9e00000, 0x0000000100000000)
  eden space 275456K, 60% used [0x00000000d5580000,0x00000000df992b80,0x00000000e6280000)
  from space 12800K, 99% used [0x00000000e9180000,0x00000000e9dfeac0,0x00000000e9e00000)
  to   space 14848K, 0% used [0x00000000e8100000,0x00000000e8100000,0x00000000e8f80000)
 ParOldGen       total 108544K, used 18013K [0x0000000080000000, 0x0000000086a00000, 0x00000000d5580000)
  object space 108544K, 16% used [0x0000000080000000,0x00000000811974e8,0x0000000086a00000)
 Metaspace       used 56617K, capacity 59006K, committed 59028K, reserved 1099776K
  class space    used 7431K, capacity 7921K, committed 7936K, reserved 1048576K
Event: 13.699 GC heap after
Heap after GC invocations=11 (full 2):
 PSYoungGen      total 321536K, used 14844K [0x00000000d5580000, 0x00000000ece80000, 0x0000000100000000)
  eden space 306688K, 0% used [0x00000000d5580000,0x00000000d5580000,0x00000000e8100000)
  from space 14848K, 99% used [0x00000000e8100000,0x00000000e8f7f3e0,0x00000000e8f80000)
  to   space 22016K, 0% used [0x00000000eb900000,0x00000000eb900000,0x00000000ece80000)
 ParOldGen       total 108544K, used 31279K [0x0000000080000000, 0x0000000086a00000, 0x00000000d5580000)
  object space 108544K, 28% used [0x0000000080000000,0x0000000081e8bce0,0x0000000086a00000)
 Metaspace       used 56617K, capacity 59006K, committed 59028K, reserved 1099776K
  class space    used 7431K, capacity 7921K, committed 7936K, reserved 1048576K
}
Event: 13.699 GC heap before
{Heap before GC invocations=12 (full 3):
 PSYoungGen      total 321536K, used 14844K [0x00000000d5580000, 0x00000000ece80000, 0x0000000100000000)
  eden space 306688K, 0% used [0x00000000d5580000,0x00000000d5580000,0x00000000e8100000)
  from space 14848K, 99% used [0x00000000e8100000,0x00000000e8f7f3e0,0x00000000e8f80000)
  to   space 22016K, 0% used [0x00000000eb900000,0x00000000eb900000,0x00000000ece80000)
 ParOldGen       total 108544K, used 31279K [0x0000000080000000, 0x0000000086a00000, 0x00000000d5580000)
  object space 108544K, 28% used [0x0000000080000000,0x0000000081e8bce0,0x0000000086a00000)
 Metaspace       used 56617K, capacity 59006K, committed 59028K, reserved 1099776K
  class space    used 7431K, capacity 7921K, committed 7936K, reserved 1048576K
Event: 14.022 GC heap after
Heap after GC invocations=12 (full 3):
 PSYoungGen      total 321536K, used 0K [0x00000000d5580000, 0x00000000ece80000, 0x0000000100000000)
  eden space 306688K, 0% used [0x00000000d5580000,0x00000000d5580000,0x00000000e8100000)
  from space 14848K, 0% used [0x00000000e8100000,0x00000000e8100000,0x00000000e8f80000)
  to   space 22016K, 0% used [0x00000000eb900000,0x00000000eb900000,0x00000000ece80000)
 ParOldGen       total 172544K, used 39873K [0x0000000080000000, 0x000000008a880000, 0x00000000d5580000)
  object space 172544K, 23% used [0x0000000080000000,0x00000000826f0470,0x000000008a880000)
 Metaspace       used 56517K, capacity 58742K, committed 59028K, reserved 1099776K
  class space    used 7403K, capacity 7887K, committed 7936K, reserved 1048576K
}
Event: 19.813 GC heap before
{Heap before GC invocations=13 (full 3):
 PSYoungGen      total 321536K, used 306688K [0x00000000d5580000, 0x00000000ece80000, 0x0000000100000000)
  eden space 306688K, 100% used [0x00000000d5580000,0x00000000e8100000,0x00000000e8100000)
  from space 14848K, 0% used [0x00000000e8100000,0x00000000e8100000,0x00000000e8f80000)
  to   space 22016K, 0% used [0x00000000eb900000,0x00000000eb900000,0x00000000ece80000)
 ParOldGen       total 172544K, used 39873K [0x0000000080000000, 0x000000008a880000, 0x00000000d5580000)
  object space 172544K, 23% used [0x0000000080000000,0x00000000826f0470,0x000000008a880000)
 Metaspace       used 73966K, capacity 77304K, committed 77528K, reserved 1116160K
  class space    used 10045K, capacity 10729K, committed 10752K, reserved 1048576K
Event: 19.877 GC heap after
Heap after GC invocations=13 (full 3):
 PSYoungGen      total 358912K, used 21987K [0x00000000d5580000, 0x00000000ef080000, 0x0000000100000000)
  eden space 336896K, 0% used [0x00000000d5580000,0x00000000d5580000,0x00000000e9e80000)
  from space 22016K, 99% used [0x00000000eb900000,0x00000000ece78d50,0x00000000ece80000)
  to   space 27136K, 0% used [0x00000000e9e80000,0x00000000e9e80000,0x00000000eb900000)
 ParOldGen       total 172544K, used 44626K [0x0000000080000000, 0x000000008a880000, 0x00000000d5580000)
  object space 172544K, 25% used [0x0000000080000000,0x0000000082b94ab0,0x000000008a880000)
 Metaspace       used 73966K, capacity 77304K, committed 77528K, reserved 1116160K
  class space    used 10045K, capacity 10729K, committed 10752K, reserved 1048576K
}

